<?xml version="1.0" encoding="UTF-8"?>
<!-- Generated by org.testng.reporters.JUnitReportReporter -->
<testsuite hostname="DESKTOP-V0E91U8" failures="0" tests="1" name="Com.SaouceDemo.TestClass.TC005_addPersonalInfo" time="3.730" errors="0" timestamp="2022-05-31T15:21:04 IST" skipped="0">
  <testcase classname="Com.SaouceDemo.TestClass.TC005_addPersonalInfo" name="personalInfoAdd" time="3.730"/>
  <system-out/>
</testsuite> <!-- Com.SaouceDemo.TestClass.TC005_addPersonalInfo -->
